<?xml version="1.0" encoding="UTF-8"?>
<!-- Generated by org.testng.reporters.JUnitReportReporter -->
<testsuite hostname="Mypc" name="grid.GridEg" tests="1" failures="0" timestamp="7 Feb 2017 15:32:09 GMT" time="9.629" errors="0">
  <testcase name="test" time="9.629" classname="grid.GridEg"/>
</testsuite> <!-- grid.GridEg -->
