<?xml version="1.0" encoding="UTF-8"?>
<!-- Generated by org.testng.reporters.JUnitReportReporter -->
<testsuite hostname="Mypc" name="driverScripts.keyword" tests="1" failures="0" timestamp="6 Feb 2017 02:47:48 GMT" time="81.264" errors="0">
  <testcase name="test" time="81.264" classname="driverScripts.keyword"/>
</testsuite> <!-- driverScripts.keyword -->
