<?xml version="1.0" encoding="UTF-8"?>
<!-- Generated by org.testng.reporters.JUnitReportReporter -->
<testsuite hostname="Mypc" name="TestNG.EmpregTest" tests="3" failures="0" timestamp="1 Feb 2017 15:54:46 GMT" time="15.413" errors="0">
  <testcase name="empreg" time="5.009" classname="TestNG.EmpregTest"/>
  <testcase name="empreg" time="5.126" classname="TestNG.EmpregTest"/>
  <testcase name="empreg" time="5.278" classname="TestNG.EmpregTest"/>
</testsuite> <!-- TestNG.EmpregTest -->
