<?xml version="1.0" encoding="UTF-8"?>
<!-- Generated by org.testng.reporters.JUnitReportReporter -->
<testsuite hostname="Mypc" name="TestNG.BasicAnnotationsEg" tests="3" failures="0" timestamp="31 Jan 2017 15:45:29 GMT" time="0.038" errors="0">
  <testcase name="a" time="0.009" classname="TestNG.BasicAnnotationsEg"/>
  <testcase name="function1" time="0.017" classname="TestNG.BasicAnnotationsEg"/>
  <testcase name="function2" time="0.012" classname="TestNG.BasicAnnotationsEg"/>
</testsuite> <!-- TestNG.BasicAnnotationsEg -->
