<?xml version="1.0" encoding="UTF-8"?>
<!-- Generated by org.testng.reporters.JUnitReportReporter -->
<testsuite hostname="Mypc" name="pom.LoginTc" tests="1" failures="0" timestamp="6 Feb 2017 15:47:40 GMT" time="12.932" errors="0">
  <testcase name="login" time="12.932" classname="pom.LoginTc"/>
</testsuite> <!-- pom.LoginTc -->
