<?xml version="1.0" encoding="UTF-8"?>
<!-- Generated by org.testng.reporters.JUnitReportReporter -->
<testsuite hostname="Mypc" name="TestNG.UserregTest" tests="1" failures="0" timestamp="1 Feb 2017 15:44:05 GMT" time="7.799" errors="0">
  <testcase name="org_Usereg" time="7.799" classname="TestNG.UserregTest"/>
</testsuite> <!-- TestNG.UserregTest -->
