<?xml version="1.0" encoding="UTF-8"?>
<!-- Generated by org.testng.reporters.JUnitReportReporter -->
<testsuite hostname="Mypc" name="TestNG.PrimusBankLogin" tests="1" failures="0" timestamp="31 Jan 2017 15:57:56 GMT" time="6.626" errors="0">
  <testcase name="Login_App" time="6.626" classname="TestNG.PrimusBankLogin"/>
</testsuite> <!-- TestNG.PrimusBankLogin -->
